<?xml version="1.0" encoding="UTF-8"?>
<!-- Generated by org.testng.reporters.JUnitReportReporter -->
<testsuite hostname="MacBook-Pro-Irina.local" name="InboxLettersTest" tests="1" failures="0" timestamp="26 Sep 2016 21:39:46 GMT" time="19.351" errors="0">
  <testcase name="checkInboxLetters" time="19.351" classname="InboxLettersTest"/>
</testsuite> <!-- InboxLettersTest -->
